[0.017s] Invoking command in '/home/linux/ros2_ws/build/pub1_1': CMAKE_PREFIX_PATH=${CMAKE_PREFIX_PATH}:/opt/ros/foxy /usr/bin/cmake --build /home/linux/ros2_ws/build/pub1_1 -- -j16 -l16
[0.165s] [ 50%] [32mBuilding CXX object CMakeFiles/pub1_1.dir/src/pub1_1.cpp.o[0m
[1.369s] [01m[K/home/linux/ros2_ws/src/pub1_1/src/pub1_1.cpp:[m[K In function â€˜[01m[Kint main(int, char**)[m[Kâ€™:
[1.369s] [01m[K/home/linux/ros2_ws/src/pub1_1/src/pub1_1.cpp:29:13:[m[K [01;31m[Kerror: [m[Kexpected â€˜[01m[K}[m[Kâ€™ at end of input
[1.369s]    29 |     return 0[01;31m[K;[m[K
[1.369s]       |             [01;31m[K^[m[K
[1.369s] [01m[K/home/linux/ros2_ws/src/pub1_1/src/pub1_1.cpp:8:1:[m[K [01;36m[Knote: [m[Kto match this â€˜[01m[K{[m[Kâ€™
[1.369s]     8 | [01;36m[K{[m[K
[1.369s]       | [01;36m[K^[m[K
[1.997s] make[2]: *** [CMakeFiles/pub1_1.dir/build.make:63: CMakeFiles/pub1_1.dir/src/pub1_1.cpp.o] Error 1
[1.997s] make[1]: *** [CMakeFiles/Makefile2:78: CMakeFiles/pub1_1.dir/all] Error 2
[1.997s] make: *** [Makefile:141: all] Error 2
[1.999s] Invoked command in '/home/linux/ros2_ws/build/pub1_1' returned '2': CMAKE_PREFIX_PATH=${CMAKE_PREFIX_PATH}:/opt/ros/foxy /usr/bin/cmake --build /home/linux/ros2_ws/build/pub1_1 -- -j16 -l16
