[0.018s] Invoking command in '/home/linux/ros2_ws/build/psub1': CMAKE_PREFIX_PATH=${CMAKE_PREFIX_PATH}:/opt/ros/foxy /usr/bin/cmake /home/linux/ros2_ws/src/psub1 -DAMENT_CMAKE_SYMLINK_INSTALL=1 -DCMAKE_INSTALL_PREFIX=/home/linux/ros2_ws/install/psub1
[0.321s] -- The C compiler identification is GNU 9.4.0
[0.579s] -- The CXX compiler identification is GNU 9.4.0
[0.638s] -- Check for working C compiler: /usr/bin/cc
[0.747s] -- Check for working C compiler: /usr/bin/cc -- works
[0.749s] -- Detecting C compiler ABI info
[0.842s] -- Detecting C compiler ABI info - done
[0.851s] -- Detecting C compile features
[0.851s] -- Detecting C compile features - done
[0.854s] -- Check for working CXX compiler: /usr/bin/c++
[0.966s] -- Check for working CXX compiler: /usr/bin/c++ -- works
[0.967s] -- Detecting CXX compiler ABI info
[1.083s] -- Detecting CXX compiler ABI info - done
[1.091s] -- Detecting CXX compile features
[1.092s] -- Detecting CXX compile features - done
[1.113s] -- Found ament_cmake: 0.9.12 (/opt/ros/foxy/share/ament_cmake/cmake)
[1.135s] -- Found PythonInterp: /usr/bin/python3 (found suitable version "3.8.10", minimum required is "3") 
[1.135s] -- Using PYTHON_EXECUTABLE: /usr/bin/python3
[1.264s] -- Override CMake install command with custom implementation using symlinks instead of copying resources
[1.300s] -- Found rclcpp: 2.4.3 (/opt/ros/foxy/share/rclcpp/cmake)
[1.428s] -- Using all available rosidl_typesupport_c: rosidl_typesupport_fastrtps_c;rosidl_typesupport_introspection_c
[1.437s] -- Found rosidl_adapter: 1.3.1 (/opt/ros/foxy/share/rosidl_adapter/cmake)
[1.995s] -- Found OpenSSL: /usr/lib/x86_64-linux-gnu/libcrypto.so (found version "1.1.1f")  
[2.476s] -- Found FastRTPS: /opt/ros/foxy/include  
[3.383s] -- Using all available rosidl_typesupport_cpp: rosidl_typesupport_fastrtps_cpp;rosidl_typesupport_introspection_cpp
[3.449s] -- Found rmw_implementation_cmake: 1.0.4 (/opt/ros/foxy/share/rmw_implementation_cmake/cmake)
[3.452s] -- Using RMW implementation 'rmw_fastrtps_cpp' as default
[3.455s] -- Looking for pthread.h
[3.562s] -- Looking for pthread.h - found
[3.562s] -- Performing Test CMAKE_HAVE_LIBC_PTHREAD
[3.657s] -- Performing Test CMAKE_HAVE_LIBC_PTHREAD - Failed
[3.657s] -- Looking for pthread_create in pthreads
[3.757s] -- Looking for pthread_create in pthreads - not found
[3.757s] -- Looking for pthread_create in pthread
[3.860s] -- Looking for pthread_create in pthread - found
[3.861s] -- Found Threads: TRUE  
[4.059s] -- Configuring done
[4.066s] -- Generating done
[4.070s] -- Build files have been written to: /home/linux/ros2_ws/build/psub1
[4.075s] Invoked command in '/home/linux/ros2_ws/build/psub1' returned '0': CMAKE_PREFIX_PATH=${CMAKE_PREFIX_PATH}:/opt/ros/foxy /usr/bin/cmake /home/linux/ros2_ws/src/psub1 -DAMENT_CMAKE_SYMLINK_INSTALL=1 -DCMAKE_INSTALL_PREFIX=/home/linux/ros2_ws/install/psub1
[4.077s] Invoking command in '/home/linux/ros2_ws/build/psub1': CMAKE_PREFIX_PATH=${CMAKE_PREFIX_PATH}:/opt/ros/foxy /usr/bin/cmake --build /home/linux/ros2_ws/build/psub1 -- -j16 -l16
[4.102s] [35m[1mScanning dependencies of target pub[0m
[4.102s] [35m[1mScanning dependencies of target sub[0m
[4.110s] [ 50%] [32mBuilding CXX object CMakeFiles/sub.dir/src/sub.cpp.o[0m
[4.110s] [ 50%] [32mBuilding CXX object CMakeFiles/pub.dir/src/pub.cpp.o[0m
[4.124s] [100%] [32m[1mLinking CXX executable pub[0m
[4.124s] [100%] [32m[1mLinking CXX executable sub[0m
[4.238s] /usr/bin/ld: /usr/lib/gcc/x86_64-linux-gnu/9/../../../x86_64-linux-gnu/Scrt1.o: in function `_start':
[4.238s] (.text+0x24): undefined reference to `main'
[4.238s] collect2: error: ld returned 1 exit status
[4.238s] /usr/bin/ld: /usr/lib/gcc/x86_64-linux-gnu/9/../../../x86_64-linux-gnu/Scrt1.o: in function `_start':
[4.238s] (.text+0x24): undefined reference to `main'
[4.238s] collect2: error: ld returned 1 exit status
[4.239s] make[2]: *** [CMakeFiles/pub.dir/build.make:131: pub] Error 1
[4.239s] make[2]: *** [CMakeFiles/sub.dir/build.make:131: sub] Error 1
[4.239s] make[1]: *** [CMakeFiles/Makefile2:107: CMakeFiles/pub.dir/all] Error 2
[4.239s] make[1]: *** Waiting for unfinished jobs....
[4.239s] make[1]: *** [CMakeFiles/Makefile2:80: CMakeFiles/sub.dir/all] Error 2
[4.239s] make: *** [Makefile:141: all] Error 2
[4.241s] Invoked command in '/home/linux/ros2_ws/build/psub1' returned '2': CMAKE_PREFIX_PATH=${CMAKE_PREFIX_PATH}:/opt/ros/foxy /usr/bin/cmake --build /home/linux/ros2_ws/build/psub1 -- -j16 -l16
