[0.010s] Invoking command in '/home/linux/ros2_ws/build/psub1': CMAKE_PREFIX_PATH=${CMAKE_PREFIX_PATH}:/opt/ros/foxy /usr/bin/cmake --build /home/linux/ros2_ws/build/psub1 -- -j16 -l16
[0.027s] -- Found ament_cmake: 0.9.12 (/opt/ros/foxy/share/ament_cmake/cmake)
[0.042s] -- Using PYTHON_EXECUTABLE: /usr/bin/python3
[0.161s] -- Override CMake install command with custom implementation using symlinks instead of copying resources
[0.166s] -- Found rclcpp: 2.4.3 (/opt/ros/foxy/share/rclcpp/cmake)
[0.246s] -- Using all available rosidl_typesupport_c: rosidl_typesupport_fastrtps_c;rosidl_typesupport_introspection_c
[0.249s] -- Found rosidl_adapter: 1.3.1 (/opt/ros/foxy/share/rosidl_adapter/cmake)
[1.984s] -- Using all available rosidl_typesupport_cpp: rosidl_typesupport_fastrtps_cpp;rosidl_typesupport_introspection_cpp
[2.020s] -- Found rmw_implementation_cmake: 1.0.4 (/opt/ros/foxy/share/rmw_implementation_cmake/cmake)
[2.021s] -- Using RMW implementation 'rmw_fastrtps_cpp' as default
[2.168s] -- Configuring done
[2.175s] -- Generating done
[2.178s] -- Build files have been written to: /home/linux/ros2_ws/build/psub1
[2.197s] [35m[1mScanning dependencies of target sub[0m
[2.206s] [ 25%] [32mBuilding CXX object CMakeFiles/pub.dir/src/pub.cpp.o[0m
[2.214s] [ 50%] [32mBuilding CXX object CMakeFiles/sub.dir/src/sub.cpp.o[0m
[3.122s] [01m[K/home/linux/ros2_ws/src/psub1/src/pub.cpp:[m[K In function â€˜[01m[Kint main(int, char**)[m[Kâ€™:
[3.122s] [01m[K/home/linux/ros2_ws/src/psub1/src/pub.cpp:12:5:[m[K [01;31m[Kerror: [m[Kexpected primary-expression before â€˜[01m[K>[m[Kâ€™ token
[3.122s]    12 |     [01;31m[K>[m[Kcreate_publisher<std_msgs::msg::String>("topic_pub1", qos_profile );
[3.123s]       |     [01;31m[K^[m[K
[3.123s] [01m[K/home/linux/ros2_ws/src/psub1/src/pub.cpp:12:6:[m[K [01;31m[Kerror: [m[Kâ€˜[01m[Kcreate_publisher[m[Kâ€™ was not declared in this scope; did you mean â€˜[01m[Krclcpp::create_publisher[m[Kâ€™?
[3.123s]    12 |     >[01;31m[Kcreate_publisher[m[K<std_msgs::msg::String>("topic_pub1", qos_profile );
[3.123s]       |      [01;31m[K^~~~~~~~~~~~~~~~[m[K
[3.123s]       |      [32m[Krclcpp::create_publisher[m[K
[3.123s] In file included from [01m[K/opt/ros/foxy/include/rclcpp/node_impl.hpp:39[m[K,
[3.123s]                  from [01m[K/opt/ros/foxy/include/rclcpp/node.hpp:1224[m[K,
[3.123s]                  from [01m[K/opt/ros/foxy/include/rclcpp/executors/single_threaded_executor.hpp:28[m[K,
[3.123s]                  from [01m[K/opt/ros/foxy/include/rclcpp/executors.hpp:22[m[K,
[3.123s]                  from [01m[K/opt/ros/foxy/include/rclcpp/rclcpp.hpp:146[m[K,
[3.123s]                  from [01m[K/home/linux/ros2_ws/src/psub1/src/pub.cpp:1[m[K:
[3.123s] [01m[K/opt/ros/foxy/include/rclcpp/create_publisher.hpp:43:1:[m[K [01;36m[Knote: [m[Kâ€˜[01m[Krclcpp::create_publisher[m[Kâ€™ declared here
[3.123s]    43 | [01;36m[Kcreate_publisher[m[K(
[3.123s]       | [01;36m[K^~~~~~~~~~~~~~~~[m[K
[3.123s] [01m[K/home/linux/ros2_ws/src/psub1/src/pub.cpp:12:44:[m[K [01;31m[Kerror: [m[Kexpected primary-expression before â€˜[01m[K>[m[Kâ€™ token
[3.124s]    12 |     >create_publisher<std_msgs::msg::String[01;31m[K>[m[K("topic_pub1", qos_profile );
[3.124s]       |                                            [01;31m[K^[m[K
[3.124s] [01m[K/home/linux/ros2_ws/src/psub1/src/pub.cpp:12:46:[m[K [01;35m[Kwarning: [m[Kleft operand of comma operator has no effect [[01;35m[K-Wunused-value[m[K]
[3.124s]    12 |     >create_publisher<std_msgs::msg::String>([01;35m[K"topic_pub1"[m[K, qos_profile );
[3.124s]       |                                              [01;35m[K^~~~~~~~~~~~[m[K
[3.401s] make[2]: *** [CMakeFiles/pub.dir/build.make:63: CMakeFiles/pub.dir/src/pub.cpp.o] Error 1
[3.401s] make[1]: *** [CMakeFiles/Makefile2:107: CMakeFiles/pub.dir/all] Error 2
[3.401s] make[1]: *** Waiting for unfinished jobs....
[5.524s] [ 75%] [32m[1mLinking CXX executable sub[0m
[5.716s] [ 75%] Built target sub
[5.716s] make: *** [Makefile:141: all] Error 2
[5.719s] Invoked command in '/home/linux/ros2_ws/build/psub1' returned '2': CMAKE_PREFIX_PATH=${CMAKE_PREFIX_PATH}:/opt/ros/foxy /usr/bin/cmake --build /home/linux/ros2_ws/build/psub1 -- -j16 -l16
