[01m[K/home/linux/ros2_ws/src/psub1_2/src/pub.cpp:[m[K In function â€˜[01m[Kint main(int, char**)[m[Kâ€™:
[01m[K/home/linux/ros2_ws/src/psub1_2/src/pub.cpp:14:10:[m[K [01;31m[Kerror: [m[Kconflicting declaration â€˜[01m[Kauto message[m[Kâ€™
   14 |     auto [01;31m[Kmessage[m[K = std_msgs::msg::Int32();
      |          [01;31m[K^~~~~~~[m[K
[01m[K/home/linux/ros2_ws/src/psub1_2/src/pub.cpp:12:27:[m[K [01;36m[Knote: [m[Kprevious declaration as â€˜[01m[Kstd_msgs::msg::String message[m[Kâ€™
   12 |     std_msgs::msg::String [01;36m[Kmessage[m[K;
      |                           [01;36m[K^~~~~~~[m[K
[01m[K/home/linux/ros2_ws/src/psub1_2/src/pub.cpp:14:35:[m[K [01;31m[Kerror: [m[Kâ€˜[01m[KInt32[m[Kâ€™ is not a member of â€˜[01m[Kstd_msgs::msg[m[Kâ€™
   14 |     auto message = std_msgs::msg::[01;31m[KInt32[m[K();
      |                                   [01;31m[K^~~~~[m[K
make[2]: *** [CMakeFiles/pub.dir/build.make:63: CMakeFiles/pub.dir/src/pub.cpp.o] Error 1
make[1]: *** [CMakeFiles/Makefile2:107: CMakeFiles/pub.dir/all] Error 2
make: *** [Makefile:141: all] Error 2
