-- Found ament_cmake: 0.9.12 (/opt/ros/foxy/share/ament_cmake/cmake)
-- Using PYTHON_EXECUTABLE: /usr/bin/python3
-- Override CMake install command with custom implementation using symlinks instead of copying resources
-- Found rclcpp: 2.4.3 (/opt/ros/foxy/share/rclcpp/cmake)
-- Using all available rosidl_typesupport_c: rosidl_typesupport_fastrtps_c;rosidl_typesupport_introspection_c
-- Found rosidl_adapter: 1.3.1 (/opt/ros/foxy/share/rosidl_adapter/cmake)
-- Using all available rosidl_typesupport_cpp: rosidl_typesupport_fastrtps_cpp;rosidl_typesupport_introspection_cpp
-- Found rmw_implementation_cmake: 1.0.4 (/opt/ros/foxy/share/rmw_implementation_cmake/cmake)
-- Using RMW implementation 'rmw_fastrtps_cpp' as default
-- Configuring done
-- Generating done
-- Build files have been written to: /home/linux/ros2_ws/build/psub1_2
[35m[1mScanning dependencies of target pub[0m
[35m[1mScanning dependencies of target sub[0m
[ 50%] [32mBuilding CXX object CMakeFiles/sub.dir/src/sub.cpp.o[0m
[ 50%] [32mBuilding CXX object CMakeFiles/pub.dir/src/pub.cpp.o[0m
[01m[K/home/linux/ros2_ws/src/psub1_2/src/pub.cpp:[m[K In function â€˜[01m[Kint main(int, char**)[m[Kâ€™:
[01m[K/home/linux/ros2_ws/src/psub1_2/src/pub.cpp:13:5:[m[K [01;31m[Kerror: [m[Kâ€˜[01m[Kmessage[m[Kâ€™ was not declared in this scope
   13 |     [01;31m[Kmessage[m[K.data = count++;
      |     [01;31m[K^~~~~~~[m[K
make[2]: *** [CMakeFiles/pub.dir/build.make:63: CMakeFiles/pub.dir/src/pub.cpp.o] Error 1
make[1]: *** [CMakeFiles/Makefile2:107: CMakeFiles/pub.dir/all] Error 2
make[1]: *** Waiting for unfinished jobs....
[ 75%] [32m[1mLinking CXX executable sub[0m
[ 75%] Built target sub
make: *** [Makefile:141: all] Error 2
