[0.016s] Invoking command in '/home/linux/ros2_ws/build/pub2': CMAKE_PREFIX_PATH=${CMAKE_PREFIX_PATH}:/opt/ros/foxy /usr/bin/cmake /home/linux/ros2_ws/src/pub2 -DAMENT_CMAKE_SYMLINK_INSTALL=1 -DCMAKE_INSTALL_PREFIX=/home/linux/ros2_ws/install/pub2
[0.299s] -- The C compiler identification is GNU 9.4.0
[0.589s] -- The CXX compiler identification is GNU 9.4.0
[0.656s] -- Check for working C compiler: /usr/bin/cc
[0.779s] -- Check for working C compiler: /usr/bin/cc -- works
[0.781s] -- Detecting C compiler ABI info
[0.904s] -- Detecting C compiler ABI info - done
[0.913s] -- Detecting C compile features
[0.914s] -- Detecting C compile features - done
[0.917s] -- Check for working CXX compiler: /usr/bin/c++
[1.029s] -- Check for working CXX compiler: /usr/bin/c++ -- works
[1.030s] -- Detecting CXX compiler ABI info
[1.157s] -- Detecting CXX compiler ABI info - done
[1.166s] -- Detecting CXX compile features
[1.166s] -- Detecting CXX compile features - done
[1.178s] -- Found ament_cmake: 0.9.12 (/opt/ros/foxy/share/ament_cmake/cmake)
[1.200s] -- Found PythonInterp: /usr/bin/python3 (found suitable version "3.8.10", minimum required is "3") 
[1.200s] -- Using PYTHON_EXECUTABLE: /usr/bin/python3
[1.334s] -- Override CMake install command with custom implementation using symlinks instead of copying resources
[1.366s] -- Found rclcpp: 2.4.3 (/opt/ros/foxy/share/rclcpp/cmake)
[1.498s] -- Using all available rosidl_typesupport_c: rosidl_typesupport_fastrtps_c;rosidl_typesupport_introspection_c
[1.506s] -- Found rosidl_adapter: 1.3.1 (/opt/ros/foxy/share/rosidl_adapter/cmake)
[2.069s] -- Found OpenSSL: /usr/lib/x86_64-linux-gnu/libcrypto.so (found version "1.1.1f")  
[2.616s] -- Found FastRTPS: /opt/ros/foxy/include  
[3.633s] -- Using all available rosidl_typesupport_cpp: rosidl_typesupport_fastrtps_cpp;rosidl_typesupport_introspection_cpp
[3.697s] -- Found rmw_implementation_cmake: 1.0.4 (/opt/ros/foxy/share/rmw_implementation_cmake/cmake)
[3.699s] -- Using RMW implementation 'rmw_fastrtps_cpp' as default
[3.701s] -- Looking for pthread.h
[3.830s] -- Looking for pthread.h - found
[3.830s] -- Performing Test CMAKE_HAVE_LIBC_PTHREAD
[3.951s] -- Performing Test CMAKE_HAVE_LIBC_PTHREAD - Failed
[3.951s] -- Looking for pthread_create in pthreads
[4.050s] -- Looking for pthread_create in pthreads - not found
[4.050s] -- Looking for pthread_create in pthread
[4.168s] -- Looking for pthread_create in pthread - found
[4.169s] -- Found Threads: TRUE  
[4.371s] -- Configuring done
[4.377s] -- Generating done
[4.379s] -- Build files have been written to: /home/linux/ros2_ws/build/pub2
[4.383s] Invoked command in '/home/linux/ros2_ws/build/pub2' returned '0': CMAKE_PREFIX_PATH=${CMAKE_PREFIX_PATH}:/opt/ros/foxy /usr/bin/cmake /home/linux/ros2_ws/src/pub2 -DAMENT_CMAKE_SYMLINK_INSTALL=1 -DCMAKE_INSTALL_PREFIX=/home/linux/ros2_ws/install/pub2
[4.386s] Invoking command in '/home/linux/ros2_ws/build/pub2': CMAKE_PREFIX_PATH=${CMAKE_PREFIX_PATH}:/opt/ros/foxy /usr/bin/cmake --build /home/linux/ros2_ws/build/pub2 -- -j16 -l16
[4.415s] [35m[1mScanning dependencies of target pub2[0m
[4.531s] [ 50%] [32mBuilding CXX object CMakeFiles/pub2.dir/src/pub.cpp.o[0m
[5.517s] [01m[K/home/linux/ros2_ws/src/pub2/src/pub.cpp:[m[K In function â€˜[01m[Kvoid callback(rclcpp::Node::SharedPtr, rclcpp::Publisher<std_msgs::msg::String_<std::allocator<void> > >::SharedPtr)[m[Kâ€™:
[5.517s] [01m[K/home/linux/ros2_ws/src/pub2/src/pub.cpp:15:1:[m[K [01;31m[Kerror: [m[Kâ€˜[01m[Kmypub[m[Kâ€™ was not declared in this scope; did you mean â€˜[01m[Kpub[m[Kâ€™?
[5.517s]    15 | [01;31m[Kmypub[m[K->publish(message);
[5.517s]       | [01;31m[K^~~~~[m[K
[5.517s]       | [32m[Kpub[m[K
[5.517s] [01m[K/home/linux/ros2_ws/src/pub2/src/pub.cpp:9:53:[m[K [01;35m[Kwarning: [m[Kunused parameter â€˜[01m[Kpub[m[Kâ€™ [[01;35m[K-Wunused-parameter[m[K]
[5.517s]     9 | [01;35m[Krclcpp::Publisher<std_msgs::msg::String>::SharedPtr pub[m[K)
[5.518s]       | [01;35m[K~~~~~~~~~~~~~~~~~~~~~~~~~~~~~~~~~~~~~~~~~~~~~~~~~~~~^~~[m[K
[6.184s] make[2]: *** [CMakeFiles/pub2.dir/build.make:63: CMakeFiles/pub2.dir/src/pub.cpp.o] Error 1
[6.184s] make[1]: *** [CMakeFiles/Makefile2:78: CMakeFiles/pub2.dir/all] Error 2
[6.185s] make: *** [Makefile:141: all] Error 2
[6.186s] Invoked command in '/home/linux/ros2_ws/build/pub2' returned '2': CMAKE_PREFIX_PATH=${CMAKE_PREFIX_PATH}:/opt/ros/foxy /usr/bin/cmake --build /home/linux/ros2_ws/build/pub2 -- -j16 -l16
