[0.012s] Invoking command in '/home/linux/ros2_ws/src/build/pub2': CMAKE_PREFIX_PATH=${CMAKE_PREFIX_PATH}:/opt/ros/foxy /usr/bin/cmake /home/linux/ros2_ws/src/pub2 -DAMENT_CMAKE_SYMLINK_INSTALL=1 -DCMAKE_INSTALL_PREFIX=/home/linux/ros2_ws/src/install/pub2
[0.210s] -- The C compiler identification is GNU 9.4.0
[0.419s] -- The CXX compiler identification is GNU 9.4.0
[0.476s] -- Check for working C compiler: /usr/bin/cc
[0.596s] -- Check for working C compiler: /usr/bin/cc -- works
[0.597s] -- Detecting C compiler ABI info
[0.717s] -- Detecting C compiler ABI info - done
[0.726s] -- Detecting C compile features
[0.726s] -- Detecting C compile features - done
[0.729s] -- Check for working CXX compiler: /usr/bin/c++
[0.841s] -- Check for working CXX compiler: /usr/bin/c++ -- works
[0.842s] -- Detecting CXX compiler ABI info
[0.953s] -- Detecting CXX compiler ABI info - done
[0.962s] -- Detecting CXX compile features
[0.962s] -- Detecting CXX compile features - done
[0.972s] -- Found ament_cmake: 0.9.12 (/opt/ros/foxy/share/ament_cmake/cmake)
[0.995s] -- Found PythonInterp: /usr/bin/python3 (found suitable version "3.8.10", minimum required is "3") 
[0.995s] -- Using PYTHON_EXECUTABLE: /usr/bin/python3
[1.128s] -- Override CMake install command with custom implementation using symlinks instead of copying resources
[1.161s] -- Found rclcpp: 2.4.3 (/opt/ros/foxy/share/rclcpp/cmake)
[1.276s] -- Using all available rosidl_typesupport_c: rosidl_typesupport_fastrtps_c;rosidl_typesupport_introspection_c
[1.284s] -- Found rosidl_adapter: 1.3.1 (/opt/ros/foxy/share/rosidl_adapter/cmake)
[1.857s] -- Found OpenSSL: /usr/lib/x86_64-linux-gnu/libcrypto.so (found version "1.1.1f")  
[2.410s] -- Found FastRTPS: /opt/ros/foxy/include  
[3.458s] -- Using all available rosidl_typesupport_cpp: rosidl_typesupport_fastrtps_cpp;rosidl_typesupport_introspection_cpp
[3.525s] -- Found rmw_implementation_cmake: 1.0.4 (/opt/ros/foxy/share/rmw_implementation_cmake/cmake)
[3.527s] -- Using RMW implementation 'rmw_fastrtps_cpp' as default
[3.530s] -- Looking for pthread.h
[3.648s] -- Looking for pthread.h - found
[3.648s] -- Performing Test CMAKE_HAVE_LIBC_PTHREAD
[3.770s] -- Performing Test CMAKE_HAVE_LIBC_PTHREAD - Failed
[3.770s] -- Looking for pthread_create in pthreads
[3.885s] -- Looking for pthread_create in pthreads - not found
[3.885s] -- Looking for pthread_create in pthread
[4.004s] -- Looking for pthread_create in pthread - found
[4.004s] -- Found Threads: TRUE  
[4.200s] -- Configuring done
[4.206s] -- Generating done
[4.208s] -- Build files have been written to: /home/linux/ros2_ws/src/build/pub2
[4.214s] Invoked command in '/home/linux/ros2_ws/src/build/pub2' returned '0': CMAKE_PREFIX_PATH=${CMAKE_PREFIX_PATH}:/opt/ros/foxy /usr/bin/cmake /home/linux/ros2_ws/src/pub2 -DAMENT_CMAKE_SYMLINK_INSTALL=1 -DCMAKE_INSTALL_PREFIX=/home/linux/ros2_ws/src/install/pub2
[4.216s] Invoking command in '/home/linux/ros2_ws/src/build/pub2': CMAKE_PREFIX_PATH=${CMAKE_PREFIX_PATH}:/opt/ros/foxy /usr/bin/cmake --build /home/linux/ros2_ws/src/build/pub2 -- -j16 -l16
[4.244s] [35m[1mScanning dependencies of target pub2[0m
[4.364s] [ 50%] [32mBuilding CXX object CMakeFiles/pub2.dir/src/pub.cpp.o[0m
[5.286s] [01m[K/home/linux/ros2_ws/src/pub2/src/pub.cpp:[m[K In function â€˜[01m[Kvoid callback(rclcpp::Node::SharedPtr, rclcpp::Publisher<std_msgs::msg::String_<std::allocator<void> > >::SharedPtr)[m[Kâ€™:
[5.286s] [01m[K/home/linux/ros2_ws/src/pub2/src/pub.cpp:15:1:[m[K [01;31m[Kerror: [m[Kâ€˜[01m[Kmypub[m[Kâ€™ was not declared in this scope; did you mean â€˜[01m[Kpub[m[Kâ€™?
[5.286s]    15 | [01;31m[Kmypub[m[K->publish(message);
[5.286s]       | [01;31m[K^~~~~[m[K
[5.286s]       | [32m[Kpub[m[K
[5.287s] [01m[K/home/linux/ros2_ws/src/pub2/src/pub.cpp:9:53:[m[K [01;35m[Kwarning: [m[Kunused parameter â€˜[01m[Kpub[m[Kâ€™ [[01;35m[K-Wunused-parameter[m[K]
[5.287s]     9 | [01;35m[Krclcpp::Publisher<std_msgs::msg::String>::SharedPtr pub[m[K)
[5.287s]       | [01;35m[K~~~~~~~~~~~~~~~~~~~~~~~~~~~~~~~~~~~~~~~~~~~~~~~~~~~~^~~[m[K
[5.961s] make[2]: *** [CMakeFiles/pub2.dir/build.make:63: CMakeFiles/pub2.dir/src/pub.cpp.o] Error 1
[5.961s] make[1]: *** [CMakeFiles/Makefile2:78: CMakeFiles/pub2.dir/all] Error 2
[5.961s] make: *** [Makefile:141: all] Error 2
[5.964s] Invoked command in '/home/linux/ros2_ws/src/build/pub2' returned '2': CMAKE_PREFIX_PATH=${CMAKE_PREFIX_PATH}:/opt/ros/foxy /usr/bin/cmake --build /home/linux/ros2_ws/src/build/pub2 -- -j16 -l16
