[0.013s] Invoking command in '/home/linux/ros2_ws/build/pub1_1': CMAKE_PREFIX_PATH=${CMAKE_PREFIX_PATH}:/opt/ros/foxy /usr/bin/cmake /home/linux/ros2_ws/src/pub1_1 -DAMENT_CMAKE_SYMLINK_INSTALL=1 -DCMAKE_INSTALL_PREFIX=/home/linux/ros2_ws/install/pub1_1
[0.022s] -- Found ament_cmake: 0.9.12 (/opt/ros/foxy/share/ament_cmake/cmake)
[0.039s] -- Using PYTHON_EXECUTABLE: /usr/bin/python3
[0.178s] -- Override CMake install command with custom implementation using symlinks instead of copying resources
[0.184s] -- Found rclcpp: 2.4.3 (/opt/ros/foxy/share/rclcpp/cmake)
[0.294s] -- Using all available rosidl_typesupport_c: rosidl_typesupport_fastrtps_c;rosidl_typesupport_introspection_c
[0.296s] -- Found rosidl_adapter: 1.3.1 (/opt/ros/foxy/share/rosidl_adapter/cmake)
[2.959s] -- Using all available rosidl_typesupport_cpp: rosidl_typesupport_fastrtps_cpp;rosidl_typesupport_introspection_cpp
[3.000s] -- Found rmw_implementation_cmake: 1.0.4 (/opt/ros/foxy/share/rmw_implementation_cmake/cmake)
[3.001s] -- Using RMW implementation 'rmw_fastrtps_cpp' as default
[3.169s] -- Configuring done
[3.178s] -- Generating done
[3.181s] -- Build files have been written to: /home/linux/ros2_ws/build/pub1_1
[3.188s] Invoked command in '/home/linux/ros2_ws/build/pub1_1' returned '0': CMAKE_PREFIX_PATH=${CMAKE_PREFIX_PATH}:/opt/ros/foxy /usr/bin/cmake /home/linux/ros2_ws/src/pub1_1 -DAMENT_CMAKE_SYMLINK_INSTALL=1 -DCMAKE_INSTALL_PREFIX=/home/linux/ros2_ws/install/pub1_1
[3.191s] Invoking command in '/home/linux/ros2_ws/build/pub1_1': CMAKE_PREFIX_PATH=${CMAKE_PREFIX_PATH}:/opt/ros/foxy /usr/bin/cmake --build /home/linux/ros2_ws/build/pub1_1 -- -j12 -l12
[3.225s] [35m[1mScanning dependencies of target pub1_1[0m
[3.258s] [ 50%] [32mBuilding CXX object CMakeFiles/pub1_1.dir/src/pub1_1.cpp.o[0m
[4.235s] [01m[K/home/linux/ros2_ws/src/pub1_1/src/pub1_1.cpp:[m[K In function â€˜[01m[Kint main(int, char**)[m[Kâ€™:
[4.235s] [01m[K/home/linux/ros2_ws/src/pub1_1/src/pub1_1.cpp:29:13:[m[K [01;31m[Kerror: [m[Kexpected â€˜[01m[K}[m[Kâ€™ at end of input
[4.235s]    29 |     return 0[01;31m[K;[m[K
[4.235s]       |             [01;31m[K^[m[K
[4.235s] [01m[K/home/linux/ros2_ws/src/pub1_1/src/pub1_1.cpp:8:1:[m[K [01;36m[Knote: [m[Kto match this â€˜[01m[K{[m[Kâ€™
[4.235s]     8 | [01;36m[K{[m[K
[4.235s]       | [01;36m[K^[m[K
[4.877s] make[2]: *** [CMakeFiles/pub1_1.dir/build.make:63: CMakeFiles/pub1_1.dir/src/pub1_1.cpp.o] Error 1
[4.877s] make[1]: *** [CMakeFiles/Makefile2:78: CMakeFiles/pub1_1.dir/all] Error 2
[4.877s] make: *** [Makefile:141: all] Error 2
[4.879s] Invoked command in '/home/linux/ros2_ws/build/pub1_1' returned '2': CMAKE_PREFIX_PATH=${CMAKE_PREFIX_PATH}:/opt/ros/foxy /usr/bin/cmake --build /home/linux/ros2_ws/build/pub1_1 -- -j12 -l12
