[0.010s] Invoking command in '/home/linux/ros2_ws/build/psub1_2': CMAKE_PREFIX_PATH=${CMAKE_PREFIX_PATH}:/opt/ros/foxy /usr/bin/cmake --build /home/linux/ros2_ws/build/psub1_2 -- -j16 -l16
[0.038s] [35m[1mScanning dependencies of target pub[0m
[0.049s] [ 50%] Built target sub
[0.056s] [ 75%] [32mBuilding CXX object CMakeFiles/pub.dir/src/pub.cpp.o[0m
[0.947s] [01m[K/home/linux/ros2_ws/src/psub1_2/src/pub.cpp:[m[K In function â€˜[01m[Kint main(int, char**)[m[Kâ€™:
[0.947s] [01m[K/home/linux/ros2_ws/src/psub1_2/src/pub.cpp:13:20:[m[K [01;31m[Kerror: [m[Kâ€˜[01m[Kstdmsgs[m[Kâ€™ has not been declared
[0.947s]    13 |     auto message = [01;31m[Kstdmsgs[m[K::msg::Int32();
[0.947s]       |                    [01;31m[K^~~~~~~[m[K
[1.561s] make[2]: *** [CMakeFiles/pub.dir/build.make:63: CMakeFiles/pub.dir/src/pub.cpp.o] Error 1
[1.561s] make[1]: *** [CMakeFiles/Makefile2:107: CMakeFiles/pub.dir/all] Error 2
[1.561s] make: *** [Makefile:141: all] Error 2
[1.564s] Invoked command in '/home/linux/ros2_ws/build/psub1_2' returned '2': CMAKE_PREFIX_PATH=${CMAKE_PREFIX_PATH}:/opt/ros/foxy /usr/bin/cmake --build /home/linux/ros2_ws/build/psub1_2 -- -j16 -l16
