[0.009s] Invoking command in '/home/linux/ros2_ws/build/psub1_2': CMAKE_PREFIX_PATH=${CMAKE_PREFIX_PATH}:/opt/ros/foxy /usr/bin/cmake --build /home/linux/ros2_ws/build/psub1_2 -- -j16 -l16
[0.048s] [ 25%] [32mBuilding CXX object CMakeFiles/pub.dir/src/pub.cpp.o[0m
[0.051s] [ 75%] Built target sub
[0.963s] [01m[K/home/linux/ros2_ws/src/psub1_2/src/pub.cpp:[m[K In function â€˜[01m[Kint main(int, char**)[m[Kâ€™:
[0.964s] [01m[K/home/linux/ros2_ws/src/psub1_2/src/pub.cpp:11:56:[m[K [01;31m[Kerror: [m[Kâ€˜[01m[KInt32[m[Kâ€™ is not a member of â€˜[01m[Kstd_msgs::msg[m[Kâ€™
[0.964s]    11 |     auto mypub = node->create_publisher<std_msgs::msg::[01;31m[KInt32[m[K>("topic_pub1_2", qos_profile );
[0.964s]       |                                                        [01;31m[K^~~~~[m[K
[0.964s] [01m[K/home/linux/ros2_ws/src/psub1_2/src/pub.cpp:11:56:[m[K [01;31m[Kerror: [m[Kâ€˜[01m[KInt32[m[Kâ€™ is not a member of â€˜[01m[Kstd_msgs::msg[m[Kâ€™
[0.964s] [01m[K/home/linux/ros2_ws/src/psub1_2/src/pub.cpp:11:91:[m[K [01;31m[Kerror: [m[Kno matching function for call to â€˜[01m[Krclcpp::Node::create_publisher<<expression error> >(const char [13], rclcpp::QoS&)[m[Kâ€™
[0.964s]    11 |     auto mypub = node->create_publisher<std_msgs::msg::Int32>("topic_pub1_2", qos_profile [01;31m[K)[m[K;
[0.964s]       |                                                                                           [01;31m[K^[m[K
[0.964s] In file included from [01m[K/opt/ros/foxy/include/rclcpp/executors/single_threaded_executor.hpp:28[m[K,
[0.964s]                  from [01m[K/opt/ros/foxy/include/rclcpp/executors.hpp:22[m[K,
[0.964s]                  from [01m[K/opt/ros/foxy/include/rclcpp/rclcpp.hpp:146[m[K,
[0.964s]                  from [01m[K/home/linux/ros2_ws/src/psub1_2/src/pub.cpp:1[m[K:
[0.964s] [01m[K/opt/ros/foxy/include/rclcpp/node.hpp:184:3:[m[K [01;36m[Knote: [m[Kcandidate: â€˜[01m[Ktemplate<class MessageT, class AllocatorT, class PublisherT> std::shared_ptr<PublisherT> rclcpp::Node::create_publisher(const string&, const rclcpp::QoS&, const rclcpp::PublisherOptionsWithAllocator<AllocatorT>&)[m[Kâ€™
[0.964s]   184 |   [01;36m[Kcreate_publisher[m[K(
[0.964s]       |   [01;36m[K^~~~~~~~~~~~~~~~[m[K
[0.965s] [01m[K/opt/ros/foxy/include/rclcpp/node.hpp:184:3:[m[K [01;36m[Knote: [m[K  template argument deduction/substitution failed:
[0.965s] [01m[K/home/linux/ros2_ws/src/psub1_2/src/pub.cpp:11:91:[m[K [01;31m[Kerror: [m[Ktemplate argument 1 is invalid
[0.965s]    11 |     auto mypub = node->create_publisher<std_msgs::msg::Int32>("topic_pub1_2", qos_profile [01;31m[K)[m[K;
[0.965s]       |                                                                                           [01;31m[K^[m[K
[0.965s] [01m[K/home/linux/ros2_ws/src/psub1_2/src/pub.cpp:12:20:[m[K [01;31m[Kerror: [m[Kâ€˜[01m[KInt32[m[Kâ€™ is not a member of â€˜[01m[Kstd_msgs::msg[m[Kâ€™
[0.965s]    12 |     std_msgs::msg::[01;31m[KInt32[m[K message;
[0.965s]       |                    [01;31m[K^~~~~[m[K
[0.965s] [01m[K/home/linux/ros2_ws/src/psub1_2/src/pub.cpp:14:35:[m[K [01;31m[Kerror: [m[Kâ€˜[01m[KInt32[m[Kâ€™ is not a member of â€˜[01m[Kstd_msgs::msg[m[Kâ€™
[0.965s]    14 |     auto message = std_msgs::msg::[01;31m[KInt32[m[K();
[0.965s]       |                                   [01;31m[K^~~~~[m[K
[1.275s] make[2]: *** [CMakeFiles/pub.dir/build.make:63: CMakeFiles/pub.dir/src/pub.cpp.o] Error 1
[1.275s] make[1]: *** [CMakeFiles/Makefile2:107: CMakeFiles/pub.dir/all] Error 2
[1.275s] make: *** [Makefile:141: all] Error 2
[1.278s] Invoked command in '/home/linux/ros2_ws/build/psub1_2' returned '2': CMAKE_PREFIX_PATH=${CMAKE_PREFIX_PATH}:/opt/ros/foxy /usr/bin/cmake --build /home/linux/ros2_ws/build/psub1_2 -- -j16 -l16
