[0.011s] Invoking command in '/home/linux/ros2_ws/build/psub1_2': CMAKE_PREFIX_PATH=${CMAKE_PREFIX_PATH}:/opt/ros/foxy /usr/bin/cmake --build /home/linux/ros2_ws/build/psub1_2 -- -j16 -l16
[0.038s] [35m[1mScanning dependencies of target pub[0m
[0.051s] [ 50%] Built target sub
[0.055s] [ 75%] [32mBuilding CXX object CMakeFiles/pub.dir/src/pub.cpp.o[0m
[0.945s] [01m[K/home/linux/ros2_ws/src/psub1_2/src/pub.cpp:[m[K In function â€˜[01m[Kint main(int, char**)[m[Kâ€™:
[0.945s] [01m[K/home/linux/ros2_ws/src/psub1_2/src/pub.cpp:13:23:[m[K [01;31m[Kerror: [m[Kexpected primary-expression before â€˜[01m[K+[m[Kâ€™ token
[0.945s]    13 |     auto message = std[01;31m[K+[m[Kmsgs::msg::Int32();
[0.945s]       |                       [01;31m[K^[m[K
[0.945s] [01m[K/home/linux/ros2_ws/src/psub1_2/src/pub.cpp:13:24:[m[K [01;31m[Kerror: [m[Kâ€˜[01m[Kmsgs[m[Kâ€™ has not been declared
[0.945s]    13 |     auto message = std+[01;31m[Kmsgs[m[K::msg::Int32();
[0.945s]       |                        [01;31m[K^~~~[m[K
[1.556s] make[2]: *** [CMakeFiles/pub.dir/build.make:63: CMakeFiles/pub.dir/src/pub.cpp.o] Error 1
[1.557s] make[1]: *** [CMakeFiles/Makefile2:107: CMakeFiles/pub.dir/all] Error 2
[1.557s] make: *** [Makefile:141: all] Error 2
[1.560s] Invoked command in '/home/linux/ros2_ws/build/psub1_2' returned '2': CMAKE_PREFIX_PATH=${CMAKE_PREFIX_PATH}:/opt/ros/foxy /usr/bin/cmake --build /home/linux/ros2_ws/build/psub1_2 -- -j16 -l16
