[0.016s] Invoking command in '/home/linux/ros2_ws/build/pub1_1': CMAKE_PREFIX_PATH=${CMAKE_PREFIX_PATH}:/opt/ros/foxy /usr/bin/cmake /home/linux/ros2_ws/src/pub1_1 -DAMENT_CMAKE_SYMLINK_INSTALL=1 -DCMAKE_INSTALL_PREFIX=/home/linux/ros2_ws/install/pub1_1
[0.366s] -- The C compiler identification is GNU 9.4.0
[0.639s] -- The CXX compiler identification is GNU 9.4.0
[0.699s] -- Check for working C compiler: /usr/bin/cc
[0.825s] -- Check for working C compiler: /usr/bin/cc -- works
[0.827s] -- Detecting C compiler ABI info
[0.939s] -- Detecting C compiler ABI info - done
[0.948s] -- Detecting C compile features
[0.948s] -- Detecting C compile features - done
[0.951s] -- Check for working CXX compiler: /usr/bin/c++
[1.068s] -- Check for working CXX compiler: /usr/bin/c++ -- works
[1.068s] -- Detecting CXX compiler ABI info
[1.172s] -- Detecting CXX compiler ABI info - done
[1.180s] -- Detecting CXX compile features
[1.181s] -- Detecting CXX compile features - done
[1.193s] -- Found ament_cmake: 0.9.12 (/opt/ros/foxy/share/ament_cmake/cmake)
[1.230s] -- Found PythonInterp: /usr/bin/python3 (found suitable version "3.8.10", minimum required is "3") 
[1.230s] -- Using PYTHON_EXECUTABLE: /usr/bin/python3
[1.395s] -- Override CMake install command with custom implementation using symlinks instead of copying resources
[1.428s] -- Found rclcpp: 2.4.3 (/opt/ros/foxy/share/rclcpp/cmake)
[1.551s] -- Using all available rosidl_typesupport_c: rosidl_typesupport_fastrtps_c;rosidl_typesupport_introspection_c
[1.558s] -- Found rosidl_adapter: 1.3.1 (/opt/ros/foxy/share/rosidl_adapter/cmake)
[2.058s] -- Found OpenSSL: /usr/lib/x86_64-linux-gnu/libcrypto.so (found version "1.1.1f")  
[2.584s] -- Found FastRTPS: /opt/ros/foxy/include  
[3.512s] -- Using all available rosidl_typesupport_cpp: rosidl_typesupport_fastrtps_cpp;rosidl_typesupport_introspection_cpp
[3.576s] -- Found rmw_implementation_cmake: 1.0.4 (/opt/ros/foxy/share/rmw_implementation_cmake/cmake)
[3.578s] -- Using RMW implementation 'rmw_fastrtps_cpp' as default
[3.581s] -- Looking for pthread.h
[3.703s] -- Looking for pthread.h - found
[3.703s] -- Performing Test CMAKE_HAVE_LIBC_PTHREAD
[3.815s] -- Performing Test CMAKE_HAVE_LIBC_PTHREAD - Failed
[3.816s] -- Looking for pthread_create in pthreads
[3.923s] -- Looking for pthread_create in pthreads - not found
[3.923s] -- Looking for pthread_create in pthread
[4.035s] -- Looking for pthread_create in pthread - found
[4.036s] -- Found Threads: TRUE  
[4.229s] -- Configuring done
[4.234s] -- Generating done
[4.237s] -- Build files have been written to: /home/linux/ros2_ws/build/pub1_1
[4.245s] Invoked command in '/home/linux/ros2_ws/build/pub1_1' returned '0': CMAKE_PREFIX_PATH=${CMAKE_PREFIX_PATH}:/opt/ros/foxy /usr/bin/cmake /home/linux/ros2_ws/src/pub1_1 -DAMENT_CMAKE_SYMLINK_INSTALL=1 -DCMAKE_INSTALL_PREFIX=/home/linux/ros2_ws/install/pub1_1
[4.246s] Invoking command in '/home/linux/ros2_ws/build/pub1_1': CMAKE_PREFIX_PATH=${CMAKE_PREFIX_PATH}:/opt/ros/foxy /usr/bin/cmake --build /home/linux/ros2_ws/build/pub1_1 -- -j16 -l16
[4.271s] [35m[1mScanning dependencies of target pub1_1[0m
[4.390s] [ 50%] [32mBuilding CXX object CMakeFiles/pub1_1.dir/src/pub1_1.cpp.o[0m
[5.355s] [01m[K/home/linux/ros2_ws/src/pub1_1/src/pub1_1.cpp:[m[K In function â€˜[01m[Kint main(int, char**)[m[Kâ€™:
[5.355s] [01m[K/home/linux/ros2_ws/src/pub1_1/src/pub1_1.cpp:29:13:[m[K [01;31m[Kerror: [m[Kexpected â€˜[01m[K}[m[Kâ€™ at end of input
[5.355s]    29 |     return 0[01;31m[K;[m[K
[5.355s]       |             [01;31m[K^[m[K
[5.355s] [01m[K/home/linux/ros2_ws/src/pub1_1/src/pub1_1.cpp:8:1:[m[K [01;36m[Knote: [m[Kto match this â€˜[01m[K{[m[Kâ€™
[5.355s]     8 | [01;36m[K{[m[K
[5.355s]       | [01;36m[K^[m[K
[5.990s] make[2]: *** [CMakeFiles/pub1_1.dir/build.make:63: CMakeFiles/pub1_1.dir/src/pub1_1.cpp.o] Error 1
[5.990s] make[1]: *** [CMakeFiles/Makefile2:78: CMakeFiles/pub1_1.dir/all] Error 2
[5.990s] make: *** [Makefile:141: all] Error 2
[5.992s] Invoked command in '/home/linux/ros2_ws/build/pub1_1' returned '2': CMAKE_PREFIX_PATH=${CMAKE_PREFIX_PATH}:/opt/ros/foxy /usr/bin/cmake --build /home/linux/ros2_ws/build/pub1_1 -- -j16 -l16
