-- Found ament_cmake: 0.9.12 (/opt/ros/foxy/share/ament_cmake/cmake)
-- Using PYTHON_EXECUTABLE: /usr/bin/python3
-- Override CMake install command with custom implementation using symlinks instead of copying resources
-- Found rclcpp: 2.4.3 (/opt/ros/foxy/share/rclcpp/cmake)
-- Using all available rosidl_typesupport_c: rosidl_typesupport_fastrtps_c;rosidl_typesupport_introspection_c
-- Found rosidl_adapter: 1.3.1 (/opt/ros/foxy/share/rosidl_adapter/cmake)
-- Using all available rosidl_typesupport_cpp: rosidl_typesupport_fastrtps_cpp;rosidl_typesupport_introspection_cpp
-- Found rmw_implementation_cmake: 1.0.4 (/opt/ros/foxy/share/rmw_implementation_cmake/cmake)
-- Using RMW implementation 'rmw_fastrtps_cpp' as default
-- Configuring done
-- Generating done
-- Build files have been written to: /home/linux/ros2_ws/build/psub1
[35m[1mScanning dependencies of target sub[0m
[35m[1mScanning dependencies of target pub[0m
[ 50%] [32mBuilding CXX object CMakeFiles/sub.dir/src/sub.cpp.o[0m
[ 50%] [32mBuilding CXX object CMakeFiles/pub.dir/src/pub.cpp.o[0m
In file included from [01m[K/opt/ros/foxy/include/rclcpp/client.hpp:40[m[K,
                 from [01m[K/opt/ros/foxy/include/rclcpp/callback_group.hpp:23[m[K,
                 from [01m[K/opt/ros/foxy/include/rclcpp/any_executable.hpp:20[m[K,
                 from [01m[K/opt/ros/foxy/include/rclcpp/memory_strategy.hpp:24[m[K,
                 from [01m[K/opt/ros/foxy/include/rclcpp/memory_strategies.hpp:18[m[K,
                 from [01m[K/opt/ros/foxy/include/rclcpp/executor_options.hpp:20[m[K,
                 from [01m[K/opt/ros/foxy/include/rclcpp/executor.hpp:33[m[K,
                 from [01m[K/opt/ros/foxy/include/rclcpp/executors/multi_threaded_executor.hpp:26[m[K,
                 from [01m[K/opt/ros/foxy/include/rclcpp/executors.hpp:21[m[K,
                 from [01m[K/opt/ros/foxy/include/rclcpp/rclcpp.hpp:146[m[K,
                 from [01m[K/home/linux/ros2_ws/src/psub1/src/sub.cpp:1[m[K:
[01m[K/home/linux/ros2_ws/src/psub1/src/sub.cpp:[m[K In function â€˜[01m[Kvoid mysub_callback(rclcpp::Node::SharedPtr, std_msgs::msg::String_<std::allocator<void> >::SharedPtr)[m[Kâ€™:
[01m[K/home/linux/ros2_ws/src/psub1/src/sub.cpp:10:5:[m[K [01;31m[Kerror: [m[Kexpected primary-expression before â€˜[01m[K>[m[Kâ€™ token
   10 |     [01;31m[K>[m[Kdata.c_str());
      |     [01;31m[K^[m[K
[01m[K/home/linux/ros2_ws/src/psub1/src/sub.cpp:10:6:[m[K [01;31m[Kerror: [m[Kâ€˜[01m[Kdata[m[Kâ€™ was not declared in this scope
   10 |     >[01;31m[Kdata[m[K.c_str());
      |      [01;31m[K^~~~[m[K
[01m[K/home/linux/ros2_ws/src/psub1/src/sub.cpp:[m[K In function â€˜[01m[Kint main(int, char**)[m[Kâ€™:
[01m[K/home/linux/ros2_ws/src/psub1/src/sub.cpp:20:5:[m[K [01;31m[Kerror: [m[Kexpected primary-expression before â€˜[01m[K>[m[Kâ€™ token
   20 |     [01;31m[K>[m[Kcreate_subscription<std_msgs::msg::String>("topic_pub1",qos_profile,fn);
      |     [01;31m[K^[m[K
[01m[K/home/linux/ros2_ws/src/psub1/src/sub.cpp:20:6:[m[K [01;31m[Kerror: [m[Kâ€˜[01m[Kcreate_subscription[m[Kâ€™ was not declared in this scope; did you mean â€˜[01m[Krclcpp::create_subscription[m[Kâ€™?
   20 |     >[01;31m[Kcreate_subscription[m[K<std_msgs::msg::String>("topic_pub1",qos_profile,fn);
      |      [01;31m[K^~~~~~~~~~~~~~~~~~~[m[K
      |      [32m[Krclcpp::create_subscription[m[K
In file included from [01m[K/opt/ros/foxy/include/rclcpp/node_impl.hpp:42[m[K,
                 from [01m[K/opt/ros/foxy/include/rclcpp/node.hpp:1224[m[K,
                 from [01m[K/opt/ros/foxy/include/rclcpp/executors/single_threaded_executor.hpp:28[m[K,
                 from [01m[K/opt/ros/foxy/include/rclcpp/executors.hpp:22[m[K,
                 from [01m[K/opt/ros/foxy/include/rclcpp/rclcpp.hpp:146[m[K,
                 from [01m[K/home/linux/ros2_ws/src/psub1/src/sub.cpp:1[m[K:
[01m[K/opt/ros/foxy/include/rclcpp/create_subscription.hpp:80:1:[m[K [01;36m[Knote: [m[Kâ€˜[01m[Krclcpp::create_subscription[m[Kâ€™ declared here
   80 | [01;36m[Kcreate_subscription[m[K(
      | [01;36m[K^~~~~~~~~~~~~~~~~~~[m[K
[01m[K/home/linux/ros2_ws/src/psub1/src/sub.cpp:20:47:[m[K [01;31m[Kerror: [m[Kexpected primary-expression before â€˜[01m[K>[m[Kâ€™ token
   20 |     >create_subscription<std_msgs::msg::String[01;31m[K>[m[K("topic_pub1",qos_profile,fn);
      |                                               [01;31m[K^[m[K
[01m[K/home/linux/ros2_ws/src/psub1/src/sub.cpp:20:49:[m[K [01;35m[Kwarning: [m[Kleft operand of comma operator has no effect [[01;35m[K-Wunused-value[m[K]
   20 |     >create_subscription<std_msgs::msg::String>([01;35m[K"topic_pub1"[m[K,qos_profile,fn);
      |                                                 [01;35m[K^~~~~~~~~~~~[m[K
[01m[K/home/linux/ros2_ws/src/psub1/src/sub.cpp:20:74:[m[K [01;35m[Kwarning: [m[Kright operand of comma operator has no effect [[01;35m[K-Wunused-value[m[K]
   20 |     >create_subscription<std_msgs::msg::String>("topic_pub1",qos_profile,[01;35m[Kfn[m[K);
      |                                                                          [01;35m[K^~[m[K
[01m[K/home/linux/ros2_ws/src/psub1/src/pub.cpp:[m[K In function â€˜[01m[Kint main(int, char**)[m[Kâ€™:
[01m[K/home/linux/ros2_ws/src/psub1/src/pub.cpp:12:5:[m[K [01;31m[Kerror: [m[Kexpected primary-expression before â€˜[01m[K>[m[Kâ€™ token
   12 |     [01;31m[K>[m[Kcreate_publisher<std_msgs::msg::String>("topic_pub1", qos_profile );
      |     [01;31m[K^[m[K
[01m[K/home/linux/ros2_ws/src/psub1/src/pub.cpp:12:6:[m[K [01;31m[Kerror: [m[Kâ€˜[01m[Kcreate_publisher[m[Kâ€™ was not declared in this scope; did you mean â€˜[01m[Krclcpp::create_publisher[m[Kâ€™?
   12 |     >[01;31m[Kcreate_publisher[m[K<std_msgs::msg::String>("topic_pub1", qos_profile );
      |      [01;31m[K^~~~~~~~~~~~~~~~[m[K
      |      [32m[Krclcpp::create_publisher[m[K
In file included from [01m[K/opt/ros/foxy/include/rclcpp/node_impl.hpp:39[m[K,
                 from [01m[K/opt/ros/foxy/include/rclcpp/node.hpp:1224[m[K,
                 from [01m[K/opt/ros/foxy/include/rclcpp/executors/single_threaded_executor.hpp:28[m[K,
                 from [01m[K/opt/ros/foxy/include/rclcpp/executors.hpp:22[m[K,
                 from [01m[K/opt/ros/foxy/include/rclcpp/rclcpp.hpp:146[m[K,
                 from [01m[K/home/linux/ros2_ws/src/psub1/src/pub.cpp:1[m[K:
[01m[K/opt/ros/foxy/include/rclcpp/create_publisher.hpp:43:1:[m[K [01;36m[Knote: [m[Kâ€˜[01m[Krclcpp::create_publisher[m[Kâ€™ declared here
   43 | [01;36m[Kcreate_publisher[m[K(
      | [01;36m[K^~~~~~~~~~~~~~~~[m[K
[01m[K/home/linux/ros2_ws/src/psub1/src/pub.cpp:12:44:[m[K [01;31m[Kerror: [m[Kexpected primary-expression before â€˜[01m[K>[m[Kâ€™ token
   12 |     >create_publisher<std_msgs::msg::String[01;31m[K>[m[K("topic_pub1", qos_profile );
      |                                            [01;31m[K^[m[K
[01m[K/home/linux/ros2_ws/src/psub1/src/pub.cpp:12:46:[m[K [01;35m[Kwarning: [m[Kleft operand of comma operator has no effect [[01;35m[K-Wunused-value[m[K]
   12 |     >create_publisher<std_msgs::msg::String>([01;35m[K"topic_pub1"[m[K, qos_profile );
      |                                              [01;35m[K^~~~~~~~~~~~[m[K
make[2]: *** [CMakeFiles/pub.dir/build.make:63: CMakeFiles/pub.dir/src/pub.cpp.o] Error 1
make[1]: *** [CMakeFiles/Makefile2:107: CMakeFiles/pub.dir/all] Error 2
make[1]: *** Waiting for unfinished jobs....
make[2]: *** [CMakeFiles/sub.dir/build.make:63: CMakeFiles/sub.dir/src/sub.cpp.o] Error 1
make[1]: *** [CMakeFiles/Makefile2:80: CMakeFiles/sub.dir/all] Error 2
make: *** [Makefile:141: all] Error 2
